{"C:\\Users\\Administrator\\Desktop\\Webdev Projects\\FurFind PH\\frontend\\src\\context\\pet_report\\LastButtonContext.jsx": {"path":"C:\\Users\\Administrator\\Desktop\\Webdev Projects\\FurFind PH\\frontend\\src\\context\\pet_report\\LastButtonContext.jsx","statementMap":{"0":{"start":{"line":3,"column":33},"end":{"line":3,"column":48}},"1":{"start":{"line":5,"column":41},"end":{"line":13,"column":1}},"2":{"start":{"line":6,"column":42},"end":{"line":6,"column":53}},"3":{"start":{"line":8,"column":4},"end":{"line":12,"column":5}}},"fnMap":{"0":{"name":"(anonymous_0)","decl":{"start":{"line":5,"column":41},"end":{"line":5,"column":42}},"loc":{"start":{"line":5,"column":59},"end":{"line":13,"column":1}},"line":5}},"branchMap":{},"s":{"0":1,"1":1,"2":0,"3":0},"f":{"0":0},"b":{},"_coverageSchema":"1a1c01bbd47fc00a2c39e90264f33305004495a9","hash":"ed6e94d36ae1ad1fe0326af21e4d94f4dc0b8fd5"}
,"C:\\Users\\Administrator\\Desktop\\Webdev Projects\\FurFind PH\\frontend\\src\\context\\pet_report\\PetReportContext.jsx": {"path":"C:\\Users\\Administrator\\Desktop\\Webdev Projects\\FurFind PH\\frontend\\src\\context\\pet_report\\PetReportContext.jsx","statementMap":{"0":{"start":{"line":4,"column":32},"end":{"line":4,"column":47}},"1":{"start":{"line":6,"column":40},"end":{"line":14,"column":1}},"2":{"start":{"line":7,"column":40},"end":{"line":7,"column":52}},"3":{"start":{"line":9,"column":2},"end":{"line":13,"column":3}}},"fnMap":{"0":{"name":"(anonymous_0)","decl":{"start":{"line":6,"column":40},"end":{"line":6,"column":41}},"loc":{"start":{"line":6,"column":58},"end":{"line":14,"column":1}},"line":6}},"branchMap":{},"s":{"0":1,"1":1,"2":0,"3":0},"f":{"0":0},"b":{},"_coverageSchema":"1a1c01bbd47fc00a2c39e90264f33305004495a9","hash":"86dbb0bf69cc17334f1500ee3c56cf0861a86b02"}
,"C:\\Users\\Administrator\\Desktop\\Webdev Projects\\FurFind PH\\frontend\\src\\context\\pet_report\\ReportsPerPageContext.jsx": {"path":"C:\\Users\\Administrator\\Desktop\\Webdev Projects\\FurFind PH\\frontend\\src\\context\\pet_report\\ReportsPerPageContext.jsx","statementMap":{"0":{"start":{"line":3,"column":37},"end":{"line":3,"column":52}},"1":{"start":{"line":5,"column":45},"end":{"line":13,"column":1}},"2":{"start":{"line":6,"column":27},"end":{"line":6,"column":29}},"3":{"start":{"line":8,"column":4},"end":{"line":12,"column":6}}},"fnMap":{"0":{"name":"(anonymous_0)","decl":{"start":{"line":5,"column":45},"end":{"line":5,"column":46}},"loc":{"start":{"line":5,"column":63},"end":{"line":13,"column":1}},"line":5}},"branchMap":{},"s":{"0":1,"1":1,"2":0,"3":0},"f":{"0":0},"b":{},"_coverageSchema":"1a1c01bbd47fc00a2c39e90264f33305004495a9","hash":"acb6eb95c89861338abf05db41d9ac2b35e57396"}
,"C:\\Users\\Administrator\\Desktop\\Webdev Projects\\FurFind PH\\frontend\\src\\hooks\\pet_reports\\useLastButtonContext.jsx": {"path":"C:\\Users\\Administrator\\Desktop\\Webdev Projects\\FurFind PH\\frontend\\src\\hooks\\pet_reports\\useLastButtonContext.jsx","statementMap":{"0":{"start":{"line":4,"column":36},"end":{"line":12,"column":1}},"1":{"start":{"line":5,"column":20},"end":{"line":5,"column":49}},"2":{"start":{"line":7,"column":4},"end":{"line":9,"column":5}},"3":{"start":{"line":8,"column":8},"end":{"line":8,"column":91}},"4":{"start":{"line":11,"column":4},"end":{"line":11,"column":19}}},"fnMap":{"0":{"name":"(anonymous_0)","decl":{"start":{"line":4,"column":36},"end":{"line":4,"column":37}},"loc":{"start":{"line":4,"column":42},"end":{"line":12,"column":1}},"line":4}},"branchMap":{"0":{"loc":{"start":{"line":7,"column":4},"end":{"line":9,"column":5}},"type":"if","locations":[{"start":{"line":7,"column":4},"end":{"line":9,"column":5}},{"start":{},"end":{}}],"line":7}},"s":{"0":1,"1":0,"2":0,"3":0,"4":0},"f":{"0":0},"b":{"0":[0,0]},"_coverageSchema":"1a1c01bbd47fc00a2c39e90264f33305004495a9","hash":"390bb9adb76a8bb9474290b8acdda00c34aad690"}
,"C:\\Users\\Administrator\\Desktop\\Webdev Projects\\FurFind PH\\frontend\\src\\hooks\\pet_reports\\usePetReportContext.jsx": {"path":"C:\\Users\\Administrator\\Desktop\\Webdev Projects\\FurFind PH\\frontend\\src\\hooks\\pet_reports\\usePetReportContext.jsx","statementMap":{"0":{"start":{"line":4,"column":35},"end":{"line":12,"column":1}},"1":{"start":{"line":5,"column":20},"end":{"line":5,"column":48}},"2":{"start":{"line":7,"column":4},"end":{"line":9,"column":5}},"3":{"start":{"line":8,"column":8},"end":{"line":8,"column":88}},"4":{"start":{"line":11,"column":4},"end":{"line":11,"column":18}}},"fnMap":{"0":{"name":"(anonymous_0)","decl":{"start":{"line":4,"column":35},"end":{"line":4,"column":36}},"loc":{"start":{"line":4,"column":41},"end":{"line":12,"column":1}},"line":4}},"branchMap":{"0":{"loc":{"start":{"line":7,"column":4},"end":{"line":9,"column":5}},"type":"if","locations":[{"start":{"line":7,"column":4},"end":{"line":9,"column":5}},{"start":{},"end":{}}],"line":7}},"s":{"0":1,"1":0,"2":0,"3":0,"4":0},"f":{"0":0},"b":{"0":[0,0]},"_coverageSchema":"1a1c01bbd47fc00a2c39e90264f33305004495a9","hash":"daedab83757bf9d200b558aac867ef7411d53be0"}
,"C:\\Users\\Administrator\\Desktop\\Webdev Projects\\FurFind PH\\frontend\\src\\hooks\\pet_reports\\useReportsPerPageContext.jsx": {"path":"C:\\Users\\Administrator\\Desktop\\Webdev Projects\\FurFind PH\\frontend\\src\\hooks\\pet_reports\\useReportsPerPageContext.jsx","statementMap":{"0":{"start":{"line":4,"column":40},"end":{"line":12,"column":1}},"1":{"start":{"line":5,"column":20},"end":{"line":5,"column":53}},"2":{"start":{"line":7,"column":4},"end":{"line":9,"column":5}},"3":{"start":{"line":8,"column":8},"end":{"line":8,"column":94}},"4":{"start":{"line":11,"column":4},"end":{"line":11,"column":19}}},"fnMap":{"0":{"name":"(anonymous_0)","decl":{"start":{"line":4,"column":40},"end":{"line":4,"column":41}},"loc":{"start":{"line":4,"column":46},"end":{"line":12,"column":1}},"line":4}},"branchMap":{"0":{"loc":{"start":{"line":7,"column":4},"end":{"line":9,"column":5}},"type":"if","locations":[{"start":{"line":7,"column":4},"end":{"line":9,"column":5}},{"start":{},"end":{}}],"line":7}},"s":{"0":1,"1":0,"2":0,"3":0,"4":0},"f":{"0":0},"b":{"0":[0,0]},"_coverageSchema":"1a1c01bbd47fc00a2c39e90264f33305004495a9","hash":"2406eb18c9655e021792aa802a35bb5a739d8248"}
}
